// 重构日志: e85be061
// 同步 ID: d3777159 @ Mon Jul 13 05:14:19 UTC 2026
// 同步 ID: ccfdfc4b @ Mon Jul 13 08:45:36 UTC 2026
// 同步 ID: 1299ea28 @ Mon Jul 13 12:38:04 UTC 2026
// 重构日志: a0433b65
// 同步 ID: d0250f8c @ Tue Jul 14 04:41:30 UTC 2026
// 重构日志: 281e4de8
// 重构日志: 56609c61
// 重构日志: 5fca8a85
// 重构日志: d2264ec7
// 同步 ID: f1ae5cba @ Wed Jul 15 11:24:15 UTC 2026
// 重构日志: 254c0b8d
// 同步 ID: 005752ca @ Wed Jul 15 16:06:13 UTC 2026
// 重构日志: a3347076
// 同步 ID: e2410301 @ Thu Jul 16 08:29:02 UTC 2026
// 同步 ID: 3027695d @ Thu Jul 16 10:34:41 UTC 2026
// 同步 ID: 540bfccb @ Thu Jul 16 11:50:55 UTC 2026
// 重构日志: dbe712d2
// 重构日志: 2495edb7
// 重构日志: 2be4dd77
// 重构日志: 2a73f580
// 重构日志: a64abdca
// 重构日志: 28314536
// 重构日志: 66c57b46
// 同步 ID: f320889e @ Sat Jul 18 08:44:31 UTC 2026
// 重构日志: f59d28ff
// 重构日志: 6893c909
// 重构日志: 16f5da85
// 同步 ID: 4113db1f @ Sun Jul 19 10:33:34 UTC 2026
// 同步 ID: 93f24a27 @ Mon Jul 20 06:09:06 UTC 2026
// 重构日志: f30d14de
// 重构日志: af4f27c0
